This is pdfTeX, Version 3.14159265-2.6-1.40.21 (MiKTeX 2.9.7350) (preloaded format=pdflatex 2020.4.23)  24 APR 2020 20:14
entering extended mode
**"/home/lautaro/Documents/Facultad/DSP/Proyecto 1/ejercicio_2.tex"
("/home/lautaro/Documents/Facultad/DSP/Proyecto 1/ejercicio_2.tex"
LaTeX2e <2020-02-02> patch level 5
L3 programming layer <2020-04-06> (/usr/local/share/miktex-texmf/tex/latex/base/article.cls
Document Class: article 2019/12/20 v1.4l Standard LaTeX document class
(/usr/local/share/miktex-texmf/tex/latex/base/size10.clo
File: size10.clo 2019/12/20 v1.4l Standard LaTeX file (size option)
)
\c@part=\count167
\c@section=\count168
\c@subsection=\count169
\c@subsubsection=\count170
\c@paragraph=\count171
\c@subparagraph=\count172
\c@figure=\count173
\c@table=\count174
\abovecaptionskip=\skip47
\belowcaptionskip=\skip48
\bibindent=\dimen134
) (/usr/local/share/miktex-texmf/tex/generic/babel/babel.sty
Package: babel 2020/03/22 3.42 The Babel package
 (/usr/local/share/miktex-texmf/tex/generic/babel/switch.def
File: switch.def 2020/03/22 3.42 Babel switching mechanism
)
*************************************
* Local config file bblopts.cfg used
*
(/usr/local/share/miktex-texmf/tex/latex/arabi/bblopts.cfg
File: bblopts.cfg 2005/09/08 v0.1 add Arabic and Farsi to "declared" options of babel
) (/home/lautaro/.miktex/texmfs/install/tex/latex/babel-spanish/spanish.ldf
Language: spanish.ldf 2016/03/03 v5.0p Spanish support from the babel system
 (/usr/local/share/miktex-texmf/tex/generic/babel/babel.def
File: babel.def 2020/03/22 3.42 Babel common definitions
\babel@savecnt=\count175
\U@D=\dimen135
 (/usr/local/share/miktex-texmf/tex/generic/babel/txtbabel.def)
\bbl@readstream=\read2
\bbl@dirlevel=\count176
)
\es@quottoks=\toks15
\es@quotdepth=\count177
Package babel Info: Making " an active character on input line 561.
Package babel Info: Making . an active character on input line 662.
Package babel Info: Making < an active character on input line 707.
Package babel Info: Making > an active character on input line 707.
)) (/usr/local/share/miktex-texmf/tex/latex/tools/indentfirst.sty
Package: indentfirst 1995/11/23 v1.03 Indent first paragraph (DPC)
) (/home/lautaro/.miktex/texmfs/install/tex/latex/float/float.sty
Package: float 2001/11/08 v1.3d Float enhancements (AL)
\c@float@type=\count178
\float@exts=\toks16
\float@box=\box45
\@float@everytoks=\toks17
\@floatcapt=\box46
) (/usr/local/share/miktex-texmf/tex/latex/base/inputenc.sty
Package: inputenc 2018/08/11 v1.3c Input encoding file
\inpenc@prehook=\toks18
\inpenc@posthook=\toks19
) (/usr/local/share/miktex-texmf/tex/latex/graphics/graphicx.sty
Package: graphicx 2019/11/30 v1.2a Enhanced LaTeX Graphics (DPC,SPQR)
 (/usr/local/share/miktex-texmf/tex/latex/graphics/keyval.sty
Package: keyval 2014/10/28 v1.15 key=value parser (DPC)
\KV@toks@=\toks20
) (/usr/local/share/miktex-texmf/tex/latex/graphics/graphics.sty
Package: graphics 2019/11/30 v1.4a Standard LaTeX Graphics (DPC,SPQR)
 (/usr/local/share/miktex-texmf/tex/latex/graphics/trig.sty
Package: trig 2016/01/03 v1.10 sin cos tan (DPC)
) (/usr/local/share/miktex-texmf/tex/latex/graphics-cfg/graphics.cfg
File: graphics.cfg 2016/06/04 v1.11 sample graphics configuration
)
Package graphics Info: Driver file: pdftex.def on input line 105.
 (/usr/local/share/miktex-texmf/tex/latex/graphics-def/pdftex.def
File: pdftex.def 2018/01/08 v1.0l Graphics/color driver for pdftex
))
\Gin@req@height=\dimen136
\Gin@req@width=\dimen137
) (/usr/local/share/miktex-texmf/tex/latex/l3backend/l3backend-pdfmode.def
File: l3backend-pdfmode.def 2020-03-12 L3 backend support: PDF mode
\l__kernel_color_stack_int=\count179
\l__pdf_internal_box=\box47
) ("/home/lautaro/Documents/Facultad/DSP/Proyecto 1/build/ejercicio_2.aux"
LaTeX Info: Redefining \. on input line 7.
LaTeX Info: Redefining \% on input line 7.
)
\openout1 = `ejercicio_2.aux'.

LaTeX Font Info:    Checking defaults for OML/cmm/m/it on input line 11.
LaTeX Font Info:    ... okay on input line 11.
LaTeX Font Info:    Checking defaults for OMS/cmsy/m/n on input line 11.
LaTeX Font Info:    ... okay on input line 11.
LaTeX Font Info:    Checking defaults for OT1/cmr/m/n on input line 11.
LaTeX Font Info:    ... okay on input line 11.
LaTeX Font Info:    Checking defaults for T1/cmr/m/n on input line 11.
LaTeX Font Info:    ... okay on input line 11.
LaTeX Font Info:    Checking defaults for TS1/cmr/m/n on input line 11.
LaTeX Font Info:    ... okay on input line 11.
LaTeX Font Info:    Checking defaults for OMX/cmex/m/n on input line 11.
LaTeX Font Info:    ... okay on input line 11.
LaTeX Font Info:    Checking defaults for U/cmr/m/n on input line 11.
LaTeX Font Info:    ... okay on input line 11.
LaTeX Info: Redefining \. on input line 11.
LaTeX Info: Redefining \% on input line 11.
 (/usr/local/share/miktex-texmf/tex/context/base/mkii/supp-pdf.mkii
[Loading MPS to PDF converter (version 2006.09.02).]
\scratchcounter=\count180
\scratchdimen=\dimen138
\scratchbox=\box48
\nofMPsegments=\count181
\nofMParguments=\count182
\everyMPshowfont=\toks21
\MPscratchCnt=\count183
\MPscratchDim=\dimen139
\MPnumerator=\count184
\makeMPintoPDFobject=\count185
\everyMPtoPDFconversion=\toks22
) (/usr/local/share/miktex-texmf/tex/latex/epstopdf-pkg/epstopdf-base.sty
Package: epstopdf-base 2020-01-24 v2.11 Base part for package epstopdf
Package epstopdf-base Info: Redefining graphics rule for `.eps' on input line 485.
)
LaTeX Font Info:    External font `cmex10' loaded for size
(Font)              <12> on input line 12.
LaTeX Font Info:    External font `cmex10' loaded for size
(Font)              <8> on input line 12.
LaTeX Font Info:    External font `cmex10' loaded for size
(Font)              <6> on input line 12.
LaTeX Font Info:    External font `cmex10' loaded for size
(Font)              <7> on input line 18.
LaTeX Font Info:    External font `cmex10' loaded for size
(Font)              <5> on input line 18.
 [1

{/home/lautaro/.miktex/texmfs/data/pdftex/config/pdftex.map}] [2] [3] ("/home/lautaro/Documents/Facultad/DSP/Proyecto 1/build/ejercicio_2.aux"
LaTeX Info: Redefining \. on input line 7.
LaTeX Info: Redefining \% on input line 7.
) ) 
Here is how much of TeX's memory you used:
 2264 strings out of 480931
 32805 string characters out of 2908714
 284992 words of memory out of 3000000
 18143 multiletter control sequences out of 15000+200000
 536593 words of font info for 38 fonts, out of 3000000 for 9000
 1141 hyphenation exceptions out of 8191
 30i,8n,35p,241b,361s stack positions out of 5000i,500n,10000p,200000b,50000s
</usr/local/share/miktex-texmf/fonts/type1/public/amsfonts/cm/cmbx10.pfb></usr/local/share/miktex-texmf/fonts/type1/public/amsfonts/cm/cmbx12.pfb></usr/local/share/miktex-texmf/fonts/type1/public/amsfonts/cm/cmex10.pfb></usr/local/share/miktex-texmf/fonts/type1/public/amsfonts/cm/cmmi10.pfb></usr/local/share/miktex-texmf/fonts/type1/public/amsfonts/cm/cmmi5.pfb></usr/local/share/miktex-texmf/fonts/type1/public/amsfonts/cm/cmmi7.pfb></usr/local/share/miktex-texmf/fonts/type1/public/amsfonts/cm/cmr10.pfb></usr/local/share/miktex-texmf/fonts/type1/public/amsfonts/cm/cmr12.pfb></usr/local/share/miktex-texmf/fonts/type1/public/amsfonts/cm/cmr17.pfb></usr/local/share/miktex-texmf/fonts/type1/public/amsfonts/cm/cmr5.pfb></usr/local/share/miktex-texmf/fonts/type1/public/amsfonts/cm/cmr7.pfb></usr/local/share/miktex-texmf/fonts/type1/public/amsfonts/cm/cmsy10.pfb></usr/local/share/miktex-texmf/fonts/type1/public/amsfonts/cm/cmsy7.pfb>
Output written on "/home/lautaro/Documents/Facultad/DSP/Proyecto 1/build/ejercicio_2.pdf" (3 pages, 137880 bytes).
PDF statistics:
 64 PDF objects out of 1000 (max. 8388607)
 0 named destinations out of 1000 (max. 500000)
 1 words of extra memory for PDF output out of 10000 (max. 10000000)

